<?xml version="1.0" encoding="UTF-8" ?>
<testsuite tests="26" failures="0" name="TestSuite" time="0.148" errors="0" skipped="0">
  <properties>
[...]
</properties>
  <testcase classname="demo.ConverterTest" name="convertI16HexTest" time="0.123"/>
  <testcase classname="demo.ConverterTest" name="convertI32HexTest" time="0.016"/>
  <testcase classname="demo.ConverterTest" name="convertI8HexTest" time="0.008"/>
  <testcase classname="demo.FileNameTest" name="emptyExtensionFailureTest" time="0.001"/>
  <testcase classname="demo.FileNameTest" name="getBinFileNameTest" time="0"/>
  <testcase classname="demo.FileNameTest" name="noExtensionFailureTest" time="0"/>
  <testcase classname="demo.FileNameTest" name="noNameFailureTest" time="0"/>
  <testcase classname="demo.FileNameTest" name="wrongExtensionFailureTest" time="0"/>
  <testcase classname="demo.HexTest" name="arrayTo8BitHexStringTest" time="0"/>
  <testcase classname="demo.HexTest" name="numberTo16BitHexStringOverflowTest" time="0"/>
  <testcase classname="demo.HexTest" name="numberTo16BitHexStringTest" time="0"/>
  <testcase classname="demo.HexTest" name="numberTo16BitHexStringUnderflowTest" time="0"/>
  <testcase classname="demo.HexTest" name="numberTo8BitHexStringOverflowTest" time="0"/>
  <testcase classname="demo.HexTest" name="numberTo8BitHexStringTest" time="0"/>
  <testcase classname="demo.HexTest" name="numberTo8BitHexStringUnderflowTest" time="0"/>
  <testcase classname="demo.MemoryTest" name="memoryTest" time="0"/>
  <testcase classname="demo.RecordTest" name="checksumFailureConstructorTest" time="0"/>
  <testcase classname="demo.RecordTest" name="constructorTest" time="0"/>
  <testcase classname="demo.RecordTypeTest" name="codeFailureTest" time="0"/>
  <testcase classname="demo.RecordTypeTest" name="valuesTest" time="0"/>
  <testcase classname="demo.RowTest" name="constructorTest" time="0"/>
  <testcase classname="demo.RowTest" name="getUnsigned16BitTest" time="0"/>
  <testcase classname="demo.RowTest" name="getUnsigned8BitTest" time="0"/>
  <testcase classname="demo.RowTest" name="noColonConstructorTest" time="0"/>
  <testcase classname="demo.RowTest" name="oddCharsNumberConstructorTest" time="0"/>
  <testcase classname="demo.RowTest" name="wrongCharsConstructorTest" time="0"/>
</testsuite>