<?xml version="1.0" encoding="UTF-8"?>
<!-- Generated by org.testng.reporters.JUnitXMLReporter -->
<testsuite hostname="Computer" name="Command line test" tests="26" failures="0" timestamp="17 Mar 2016 19:18:39 GMT" time="0.172" errors="0">
  <testcase name="convertI16HexTest" time="0.122" classname="demo.ConverterTest"/>
  <testcase name="convertI32HexTest" time="0.02" classname="demo.ConverterTest"/>
  <testcase name="convertI8HexTest" time="0.009" classname="demo.ConverterTest"/>
  <testcase name="emptyExtensionFailureTest" time="0.001" classname="demo.FileNameTest"/>
  <testcase name="getBinFileNameTest" time="0.0" classname="demo.FileNameTest"/>
  <testcase name="noExtensionFailureTest" time="0.0" classname="demo.FileNameTest"/>
  <testcase name="noNameFailureTest" time="0.0" classname="demo.FileNameTest"/>
  <testcase name="wrongExtensionFailureTest" time="0.0" classname="demo.FileNameTest"/>
  <testcase name="arrayTo8BitHexStringTest" time="0.0" classname="demo.HexTest"/>
  <testcase name="numberTo16BitHexStringOverflowTest" time="0.0" classname="demo.HexTest"/>
  <testcase name="numberTo16BitHexStringTest" time="0.001" classname="demo.HexTest"/>
  <testcase name="numberTo16BitHexStringUnderflowTest" time="0.0" classname="demo.HexTest"/>
  <testcase name="numberTo8BitHexStringOverflowTest" time="0.001" classname="demo.HexTest"/>
  <testcase name="numberTo8BitHexStringTest" time="0.0" classname="demo.HexTest"/>
  <testcase name="numberTo8BitHexStringUnderflowTest" time="0.0" classname="demo.HexTest"/>
  <testcase name="memoryTest" time="0.001" classname="demo.MemoryTest"/>
  <testcase name="checksumFailureConstructorTest" time="0.0" classname="demo.RecordTest"/>
  <testcase name="constructorTest" time="0.001" classname="demo.RecordTest"/>
  <testcase name="codeFailureTest" time="0.0" classname="demo.RecordTypeTest"/>
  <testcase name="valuesTest" time="0.0" classname="demo.RecordTypeTest"/>
  <testcase name="constructorTest" time="0.0" classname="demo.RowTest"/>
  <testcase name="getUnsigned16BitTest" time="0.0" classname="demo.RowTest"/>
  <testcase name="getUnsigned8BitTest" time="0.0" classname="demo.RowTest"/>
  <testcase name="noColonConstructorTest" time="0.001" classname="demo.RowTest"/>
  <testcase name="oddCharsNumberConstructorTest" time="0.0" classname="demo.RowTest"/>
  <testcase name="wrongCharsConstructorTest" time="0.0" classname="demo.RowTest"/>
</testsuite> <!-- Command line test -->
